<?xml version="1.0" encoding="UTF-8"?>
<testsuite name="org.example.AppTest" tests="9" skipped="0" failures="1" errors="0" timestamp="2024-12-02T07:46:41" hostname="hack-machine" time="0.313">
  <properties/>
  <testcase name="exampleResultCorrect" classname="org.example.AppTest" time="0.289">
    <failure message="java.lang.AssertionError: expected:&lt;186&gt; but was:&lt;2&gt;" type="java.lang.AssertionError">java.lang.AssertionError: expected:&lt;186&gt; but was:&lt;2&gt;
	at org.junit.Assert.fail(Assert.java:89)
	at org.junit.Assert.failNotEquals(Assert.java:835)
	at org.junit.Assert.assertEquals(Assert.java:647)
	at org.junit.Assert.assertEquals(Assert.java:633)
	at org.example.AppTest.exampleResultCorrect(AppTest.java:72)
	at java.base/jdk.internal.reflect.DirectMethodHandleAccessor.invoke(DirectMethodHandleAccessor.java:103)
	at java.base/java.lang.reflect.Method.invoke(Method.java:580)
	at org.junit.runners.model.FrameworkMethod$1.runReflectiveCall(FrameworkMethod.java:59)
	at org.junit.internal.runners.model.ReflectiveCallable.run(ReflectiveCallable.java:12)
	at org.junit.runners.model.FrameworkMethod.invokeExplosively(FrameworkMethod.java:56)
	at org.junit.internal.runners.statements.InvokeMethod.evaluate(InvokeMethod.java:17)
	at org.junit.runners.ParentRunner$3.evaluate(ParentRunner.java:306)
	at org.junit.runners.BlockJUnit4ClassRunner$1.evaluate(BlockJUnit4ClassRunner.java:100)
	at org.junit.runners.ParentRunner.runLeaf(ParentRunner.java:366)
	at org.junit.runners.BlockJUnit4ClassRunner.runChild(BlockJUnit4ClassRunner.java:103)
	at org.junit.runners.BlockJUnit4ClassRunner.runChild(BlockJUnit4ClassRunner.java:63)
	at org.junit.runners.ParentRunner$4.run(ParentRunner.java:331)
	at org.junit.runners.ParentRunner$1.schedule(ParentRunner.java:79)
	at org.junit.runners.ParentRunner.runChildren(ParentRunner.java:329)
	at org.junit.runners.ParentRunner.access$100(ParentRunner.java:66)
	at org.junit.runners.ParentRunner$2.evaluate(ParentRunner.java:293)
	at org.junit.runners.ParentRunner$3.evaluate(ParentRunner.java:306)
	at org.junit.runners.ParentRunner.run(ParentRunner.java:413)
	at org.gradle.api.internal.tasks.testing.junit.JUnitTestClassExecutor.runTestClass(JUnitTestClassExecutor.java:112)
	at org.gradle.api.internal.tasks.testing.junit.JUnitTestClassExecutor.execute(JUnitTestClassExecutor.java:58)
	at org.gradle.api.internal.tasks.testing.junit.JUnitTestClassExecutor.execute(JUnitTestClassExecutor.java:40)
	at org.gradle.api.internal.tasks.testing.junit.AbstractJUnitTestClassProcessor.processTestClass(AbstractJUnitTestClassProcessor.java:54)
	at org.gradle.api.internal.tasks.testing.SuiteTestClassProcessor.processTestClass(SuiteTestClassProcessor.java:53)
	at java.base/jdk.internal.reflect.DirectMethodHandleAccessor.invoke(DirectMethodHandleAccessor.java:103)
	at java.base/java.lang.reflect.Method.invoke(Method.java:580)
	at org.gradle.internal.dispatch.ReflectionDispatch.dispatch(ReflectionDispatch.java:36)
	at org.gradle.internal.dispatch.ReflectionDispatch.dispatch(ReflectionDispatch.java:24)
	at org.gradle.internal.dispatch.ContextClassLoaderDispatch.dispatch(ContextClassLoaderDispatch.java:33)
	at org.gradle.internal.dispatch.ProxyDispatchAdapter$DispatchingInvocationHandler.invoke(ProxyDispatchAdapter.java:92)
	at jdk.proxy1/jdk.proxy1.$Proxy4.processTestClass(Unknown Source)
	at org.gradle.api.internal.tasks.testing.worker.TestWorker$2.run(TestWorker.java:183)
	at org.gradle.api.internal.tasks.testing.worker.TestWorker.executeAndMaintainThreadName(TestWorker.java:132)
	at org.gradle.api.internal.tasks.testing.worker.TestWorker.execute(TestWorker.java:103)
	at org.gradle.api.internal.tasks.testing.worker.TestWorker.execute(TestWorker.java:63)
	at org.gradle.process.internal.worker.child.ActionExecutionWorker.execute(ActionExecutionWorker.java:56)
	at org.gradle.process.internal.worker.child.SystemApplicationClassLoaderWorker.call(SystemApplicationClassLoaderWorker.java:121)
	at org.gradle.process.internal.worker.child.SystemApplicationClassLoaderWorker.call(SystemApplicationClassLoaderWorker.java:71)
	at worker.org.gradle.process.internal.worker.GradleWorkerMain.run(GradleWorkerMain.java:69)
	at worker.org.gradle.process.internal.worker.GradleWorkerMain.main(GradleWorkerMain.java:74)
</failure>
  </testcase>
  <testcase name="lineNotIncrease" classname="org.example.AppTest" time="0.001"/>
  <testcase name="lineOnlyIncrease" classname="org.example.AppTest" time="0.0"/>
  <testcase name="isSave" classname="org.example.AppTest" time="0.001"/>
  <testcase name="isNotCleanDecrease" classname="org.example.AppTest" time="0.001"/>
  <testcase name="reaLines" classname="org.example.AppTest" time="0.001"/>
  <testcase name="isCleanIncrease" classname="org.example.AppTest" time="0.0"/>
  <testcase name="isCleanDecrease" classname="org.example.AppTest" time="0.005"/>
  <testcase name="isNotSave" classname="org.example.AppTest" time="0.004"/>
  <system-out><![CDATA[[66, 67, 68, 71, 72, 69]
66
1
67
-1
Exit
67
66
[72, 75, 78, 79, 79]
72
1
75
-3
Exit
75
72
[38, 40, 41, 42, 44, 47, 48, 52]
38
1
40
-2
Exit
40
38
[86, 87, 88, 91, 96]
86
1
87
-1
Exit
87
86
[30, 33, 34, 36, 39, 36, 38, 40]
30
1
33
-3
Exit
33
30
[77, 78, 79, 80, 79, 76]
77
1
78
-1
Exit
78
77
[84, 87, 89, 86, 87, 87]
84
1
87
-3
Exit
87
84
[7, 10, 13, 14, 16, 19, 18, 22]
7
1
10
-3
Exit
10
7
[22, 25, 28, 26, 28, 29, 32, 38]
22
1
25
-3
Exit
25
22
[47, 50, 53, 53, 54, 56, 57, 60]
47
1
50
-3
Exit
50
47
[67, 69, 71, 73, 73, 72]
67
1
69
-2
Exit
69
67
[15, 16, 16, 19, 21, 23, 23]
15
1
16
-1
Exit
16
15
[87, 88, 90, 92, 92, 96]
87
1
88
-1
Exit
88
87
[20, 21, 24, 24, 29]
20
1
21
-1
Exit
21
20
[18, 20, 22, 24, 28, 29, 31, 33]
18
1
20
-2
Exit
20
18
[86, 87, 88, 91, 95, 97, 96]
86
1
87
-1
Exit
87
86
[13, 16, 19, 22, 26, 26]
13
1
16
-3
Exit
16
13
[28, 31, 35, 38, 42]
28
1
31
-3
Exit
31
28
[35, 37, 41, 44, 49]
35
1
37
-2
Exit
37
35
[33, 36, 42, 45, 46]
33
1
36
-3
Exit
36
33
[78, 81, 82, 85, 90, 87]
78
1
81
-3
Exit
81
78
[44, 47, 49, 54, 55, 57, 57]
44
1
47
-3
Exit
47
44
[50, 52, 53, 58, 62]
50
1
52
-2
Exit
52
50
[72, 75, 80, 81, 82, 89]
72
1
75
-3
Exit
75
72
[12, 10, 12, 14, 15, 16, 19, 22]
12
1
10
2
12
-2
Exit
12
10
[40, 39, 41, 42, 45, 47, 49, 46]
40
1
39
1
41
-2
Exit
41
39
[23, 21, 24, 27, 29, 30, 30]
23
1
21
2
24
-3
Exit
24
21
[11, 8, 11, 14, 15, 18, 19, 23]
11
1
8
3
11
-3
Exit
11
8
[21, 19, 22, 23, 26, 27, 34]
21
1
19
2
22
-3
Exit
22
19
[62, 61, 58, 59, 60]
62
1
61
1
58
3
59
-1
Exit
59
58
[52, 50, 53, 52, 50]
52
1
50
2
53
-3
Exit
53
50
[3, 1, 2, 5, 7, 4, 4]
3
1
1
2
2
-1
Exit
2
1
[68, 65, 68, 67, 68, 72]
68
1
65
3
68
-3
Exit
68
65
[45, 42, 40, 43, 49]
45
1
42
3
40
2
43
-3
Exit
43
40
[5, 4, 7, 9, 11, 11, 14, 17]
5
1
4
1
7
-3
Exit
7
4
[7, 4, 5, 7, 10, 10, 7]
7
1
4
3
5
-1
Exit
5
4
[64, 62, 64, 64, 66, 67, 67]
64
1
62
2
64
-2
Exit
64
62
[87, 86, 86, 88, 91, 92, 96]
87
1
86
1
86
0
Exit
86
86
[64, 62, 62, 63, 64, 65, 68, 73]
64
1
62
2
62
0
Exit
62
62
[64, 61, 62, 63, 67, 68]
64
1
61
3
62
-1
Exit
62
61
[12, 9, 13, 15, 13]
12
1
9
3
13
-4
Exit
13
9
[83, 81, 84, 88, 90, 93, 95, 95]
83
1
81
2
84
-3
Exit
84
81
[6, 3, 5, 9, 10, 12, 16]
6
1
3
3
5
-2
Exit
5
3
[38, 35, 39, 41, 47]
38
1
35
3
39
-4
Exit
39
35
[62, 60, 63, 70, 71, 74]
62
1
60
2
63
-3
Exit
63
60
[56, 55, 60, 61, 63, 64, 62]
56
1
55
1
60
-5
Exit
60
55
[44, 43, 44, 45, 47, 53, 53]
44
1
43
1
44
-1
Exit
44
43
[61, 60, 67, 69, 73]
61
1
60
1
67
-7
Exit
67
60
[73, 70, 73, 74, 77, 82, 84, 89]
73
1
70
3
73
-3
Exit
73
70
[8, 8, 10, 11, 14, 17]
8
1
8
0
Exit
8
8
[55, 55, 56, 57, 59, 56]
55
1
55
0
Exit
55
55
[75, 75, 76, 79, 81, 82, 84, 84]
75
1
75
0
Exit
75
75
[72, 72, 75, 78, 80, 84]
72
1
72
0
Exit
72
72
[69, 69, 72, 75, 76, 77, 82]
69
1
69
0
Exit
69
69
[49, 49, 51, 49, 51]
49
1
49
0
Exit
49
49
[38, 38, 41, 44, 45, 43, 42]
38
1
38
0
Exit
38
38
[15, 15, 17, 16, 16]
15
1
15
0
Exit
15
15
[25, 25, 26, 24, 25, 26, 29, 33]
25
1
25
0
Exit
25
25
[18, 18, 20, 22, 21, 22, 29]
18
1
18
0
Exit
18
18
[81, 81, 81, 83, 84, 85, 86]
81
1
81
0
Exit
81
81
[86, 86, 86, 89, 92, 89]
86
1
86
0
Exit
86
86
[27, 27, 30, 31, 32, 32, 35, 35]
27
1
27
0
Exit
27
27
[33, 33, 33, 34, 37, 40, 42, 46]
33
1
33
0
Exit
33
33
[50, 50, 50, 52, 53, 56, 58, 65]
50
1
50
0
Exit
50
50
[65, 65, 66, 70, 73]
65
1
65
0
Exit
65
65
[65, 65, 66, 67, 71, 70]
65
1
65
0
Exit
65
65
[8, 8, 9, 12, 14, 18, 18]
8
1
8
0
Exit
8
8
[70, 70, 73, 77, 81]
70
1
70
0
Exit
70
70
[65, 65, 66, 68, 69, 73, 79]
65
1
65
0
Exit
65
65
[25, 25, 28, 35, 36]
25
1
25
0
Exit
25
25
[41, 41, 48, 51, 53, 56, 55]
41
1
41
0
Exit
41
41
[87, 87, 88, 95, 95]
87
1
87
0
Exit
87
87
[70, 70, 75, 76, 79, 81, 83, 87]
70
1
70
0
Exit
70
70
[10, 10, 12, 13, 18, 23]
10
1
10
0
Exit
10
10
[69, 73, 75, 77, 78, 81, 83, 86]
69
1
73
-4
Exit
73
69
[62, 66, 68, 70, 72, 71]
62
1
66
-4
Exit
66
62
[81, 85, 88, 89, 92, 92]
81
1
85
-4
Exit
85
81
[33, 37, 39, 42, 45, 49]
33
1
37
-4
Exit
37
33
[49, 53, 56, 57, 58, 60, 67]
49
1
53
-4
Exit
53
49
[18, 22, 20, 21, 24, 26]
18
1
22
-4
Exit
22
18
[80, 84, 87, 90, 88, 85]
80
1
84
-4
Exit
84
80
[17, 21, 22, 21, 22, 25, 25]
17
1
21
-4
Exit
21
17
[29, 33, 35, 34, 38]
29
1
33
-4
Exit
33
29
[5, 9, 6, 7, 9, 16]
5
1
9
-4
Exit
9
5
[19, 23, 26, 29, 29, 32]
19
1
23
-4
Exit
23
19
[49, 53, 56, 57, 60, 61, 61, 60]
49
1
53
-4
Exit
53
49
[63, 67, 69, 71, 71, 73, 76, 76]
63
1
67
-4
Exit
67
63
[77, 81, 83, 83, 85, 89]
77
1
81
-4
Exit
81
77
[23, 27, 27, 30, 36]
23
1
27
-4
Exit
27
23
[37, 41, 43, 45, 48, 49, 53, 55]
37
1
41
-4
Exit
41
37
[23, 27, 31, 32, 35, 32]
23
1
27
-4
Exit
27
23
[52, 56, 58, 62, 62]
52
1
56
-4
Exit
56
52
[15, 19, 23, 26, 30]
15
1
19
-4
Exit
19
15
[60, 64, 66, 67, 70, 74, 76, 82]
60
1
64
-4
Exit
64
60
[61, 65, 66, 72, 74, 76]
61
1
65
-4
Exit
65
61
[5, 9, 10, 17, 16]
5
1
9
-4
Exit
9
5
[36, 40, 41, 47, 50, 53, 53]
36
1
40
-4
Exit
40
36
[30, 34, 35, 40, 41, 45]
30
1
34
-4
Exit
34
30
[28, 32, 35, 37, 43, 46, 51]
28
1
32
-4
Exit
32
28
[22, 29, 31, 34, 37]
22
1
29
-7
Exit
29
22
[30, 36, 37, 39, 38]
30
1
36
-6
Exit
36
30
[24, 31, 34, 37, 37]
24
1
31
-7
Exit
31
24
[4, 11, 13, 16, 19, 23]
4
1
11
-7
Exit
11
4
[37, 43, 44, 45, 48, 50, 55]
37
1
43
-6
Exit
43
37
[34, 40, 37, 38, 40, 42, 44]
34
1
40
-6
Exit
40
34
[11, 17, 18, 19, 21, 19, 20, 18]
11
1
17
-6
Exit
17
11
[53, 59, 61, 59, 61, 62, 64, 64]
53
1
59
-6
Exit
59
53
[58, 65, 68, 65, 67, 69, 73]
58
1
65
-7
Exit
65
58
[79, 86, 89, 88, 89, 92, 94, 99]
79
1
86
-7
Exit
86
79
[15, 20, 21, 22, 22, 23, 25, 27]
15
1
20
-5
Exit
20
15
[28, 33, 36, 36, 38, 37]
28
1
33
-5
Exit
33
28
[88, 95, 97, 97, 99, 99]
88
1
95
-7
Exit
95
88
[34, 39, 41, 44, 45, 48, 48, 52]
34
1
39
-5
Exit
39
34
[6, 11, 11, 12, 14, 16, 17, 22]
6
1
11
-5
Exit
11
6
[59, 65, 69, 72, 73, 76]
59
1
65
-6
Exit
65
59
[54, 61, 63, 67, 69, 72, 74, 71]
54
1
61
-7
Exit
61
54
[22, 29, 30, 32, 34, 37, 41, 41]
22
1
29
-7
Exit
29
22
[61, 68, 70, 74, 78]
61
1
68
-7
Exit
68
61
[28, 33, 37, 39, 40, 47]
28
1
33
-5
Exit
33
28
[13, 19, 21, 24, 30, 32]
13
1
19
-6
Exit
19
13
[69, 76, 78, 80, 82, 84, 89, 86]
69
1
76
-7
Exit
76
69
[8, 15, 18, 20, 25, 26, 26]
8
1
15
-7
Exit
15
8
[67, 74, 77, 82, 86]
67
1
74
-7
Exit
74
67
[13, 18, 19, 25, 27, 30, 37]
13
1
18
-5
Exit
18
13
[67, 64, 62, 60, 57, 55, 53, 55]
67
1
64
3
62
2
60
2
57
3
55
2
53
2
55
-2
Exit
55
53
[70, 69, 66, 63, 60, 58, 55, 55]
70
1
69
1
66
3
63
3
60
3
58
2
55
3
55
0
Exit
55
55
[48, 45, 43, 42, 41, 37]
48
1
45
3
43
2
42
1
41
1
37
4
Exit
37
41
[62, 60, 59, 58, 53]
62
1
60
2
59
1
58
1
53
5
Exit
53
58
[15, 14, 13, 12, 14, 13, 10, 8]
15
1
14
1
13
1
12
1
14
-2
Exit
14
12
[29, 27, 29, 28, 25, 28]
29
1
27
2
29
-2
Exit
29
27
[71, 69, 66, 64, 65, 62, 62]
71
1
69
2
66
3
64
2
65
-1
Exit
65
64
[17, 15, 13, 15, 12, 10, 6]
17
1
15
2
13
2
15
-2
Exit
15
13
[97, 96, 97, 95, 94, 92, 86]
97
1
96
1
97
-1
Exit
97
96
[33, 30, 27, 24, 21, 18, 18, 17]
33
1
30
3
27
3
24
3
21
3
18
3
18
0
Exit
18
18
[24, 21, 20, 19, 16, 16, 14, 15]
24
1
21
3
20
1
19
1
16
3
16
0
Exit
16
16
[43, 40, 40, 38, 36, 35, 35]
43
1
40
3
40
0
Exit
40
40
[59, 58, 55, 52, 52, 49, 45]
59
1
58
1
55
3
52
3
52
0
Exit
52
52
[14, 12, 12, 11, 5]
14
1
12
2
12
0
Exit
12
12
[94, 91, 89, 87, 83, 82, 79]
94
1
91
3
89
2
87
2
83
4
Exit
83
87
[21, 18, 16, 12, 10, 11]
21
1
18
3
16
2
12
4
Exit
12
16
[69, 66, 64, 62, 58, 55, 55]
69
1
66
3
64
2
62
2
58
4
Exit
58
62
[88, 86, 83, 82, 79, 78, 74, 70]
88
1
86
2
83
3
82
1
79
3
78
1
74
4
Exit
74
78
[56, 54, 50, 47, 40]
56
1
54
2
50
4
Exit
50
54
[21, 18, 13, 11, 8, 5]
21
1
18
3
13
5
Exit
13
18
[31, 28, 26, 25, 23, 20, 14, 17]
31
1
28
3
26
2
25
1
23
2
20
3
14
6
Exit
14
20
[52, 50, 49, 43, 40, 39, 39]
52
1
50
2
49
1
43
6
Exit
43
49
[37, 34, 31, 25, 23, 19]
37
1
34
3
31
3
25
6
Exit
25
31
[35, 32, 30, 24, 22, 21, 16]
35
1
32
3
30
2
24
6
Exit
24
30
[65, 68, 65, 63, 61, 60, 58, 55]
65
1
68
-3
Exit
68
65
[55, 56, 53, 52, 49, 52]
55
1
56
-1
Exit
56
55
[9, 12, 11, 9, 8, 5, 5]
9
1
12
-3
Exit
12
9
[35, 36, 33, 32, 31, 29, 25]
35
1
36
-1
Exit
36
35
[62, 65, 62, 59, 56, 55, 50]
62
1
65
-3
Exit
65
62
[77, 79, 82, 81, 79]
77
1
79
-2
Exit
79
77
[65, 68, 67, 65, 68, 69]
65
1
68
-3
Exit
68
65
[26, 29, 28, 31, 30, 29, 29]
26
1
29
-3
Exit
29
26
[93, 95, 94, 95, 91]
93
1
95
-2
Exit
95
93
[81, 84, 85, 83, 76]
81
1
84
-3
Exit
84
81
[34, 37, 37, 34, 31, 29, 28, 25]
34
1
37
-3
Exit
37
34
[38, 40, 39, 36, 33, 33, 30, 33]
38
1
40
-2
Exit
40
38
[54, 57, 54, 51, 48, 48, 48]
54
1
57
-3
Exit
57
54
[44, 47, 47, 44, 40]
44
1
47
-3
Exit
47
44
[88, 91, 91, 89, 84]
88
1
91
-3
Exit
91
88
[48, 50, 48, 47, 44, 40, 39, 37]
48
1
50
-2
Exit
50
48
[86, 89, 85, 84, 82, 79, 76, 77]
86
1
89
-3
Exit
89
86
[80, 82, 78, 76, 73, 70, 70]
80
1
82
-2
Exit
82
80
[87, 89, 86, 82, 79, 77, 73]
87
1
89
-2
Exit
89
87
[45, 47, 43, 42, 41, 39, 37, 32]
45
1
47
-2
Exit
47
45
[39, 40, 35, 33, 32, 31]
39
1
40
-1
Exit
40
39
[52, 53, 50, 43, 40, 42]
52
1
53
-1
Exit
53
52
[36, 38, 37, 36, 31, 29, 29]
36
1
38
-2
Exit
38
36
[76, 79, 73, 72, 71, 68, 64]
76
1
79
-3
Exit
79
76
[87, 88, 86, 85, 78, 76, 73, 68]
87
1
88
-1
Exit
88
87
[39, 39, 36, 33, 31]
39
1
39
0
Exit
39
39
[36, 36, 35, 33, 31, 29, 30]
36
1
36
0
Exit
36
36
[88, 88, 86, 85, 82, 82]
88
1
88
0
Exit
88
88
[9, 9, 6, 5, 1]
9
1
9
0
Exit
9
9
[99, 99, 97, 94, 92, 90, 88, 81]
99
1
99
0
Exit
99
99
[62, 62, 59, 60, 57, 56]
62
1
62
0
Exit
62
62
[41, 41, 40, 37, 34, 36, 34, 36]
41
1
41
0
Exit
41
41
[90, 90, 88, 85, 88, 85, 83, 83]
90
1
90
0
Exit
90
90
[59, 59, 60, 59, 56, 53, 49]
59
1
59
0
Exit
59
59
[89, 89, 92, 89, 87, 82]
89
1
89
0
Exit
89
89
[72, 72, 72, 70, 68]
72
1
72
0
Exit
72
72
[20, 20, 18, 18, 20]
20
1
20
0
Exit
20
20
[48, 48, 47, 46, 44, 44, 44]
48
1
48
0
Exit
48
48
[26, 26, 24, 22, 22, 18]
26
1
26
0
Exit
26
26
[94, 94, 94, 93, 92, 91, 89, 82]
94
1
94
0
Exit
94
94
[25, 25, 24, 20, 17, 16, 15]
25
1
25
0
Exit
25
25
[64, 64, 61, 58, 55, 51, 50, 53]
64
1
64
0
Exit
64
64
[85, 85, 81, 80, 79, 76, 76]
85
1
85
0
Exit
85
85
[56, 56, 52, 49, 45]
56
1
56
0
Exit
56
56
[91, 91, 90, 86, 80]
91
1
91
0
Exit
91
91
[58, 58, 56, 49, 48]
58
1
58
0
Exit
58
58
[86, 86, 79, 78, 76, 74, 77]
86
1
86
0
Exit
86
86
[80, 80, 79, 76, 75, 72, 65, 65]
80
1
80
0
Exit
80
80
[36, 36, 29, 28, 27, 26, 25, 21]
36
1
36
0
Exit
36
36
[22, 22, 17, 16, 9]
22
1
22
0
Exit
22
22
[18, 14, 11, 9, 6]
18
1
14
4
Exit
14
18
[59, 55, 53, 50, 47, 50]
59
1
55
4
Exit
55
59
[43, 39, 38, 35, 34, 32, 30, 30]
43
1
39
4
Exit
39
43
[37, 33, 32, 31, 29, 26, 22]
37
1
33
4
Exit
33
37
[46, 42, 39, 37, 35, 34, 27]
46
1
42
4
Exit
42
46
[91, 87, 90, 89, 88, 85, 83]
91
1
87
4
Exit
87
91
[53, 49, 48, 49, 48, 46, 48]
53
1
49
4
Exit
49
53
[95, 91, 90, 87, 89, 86, 86]
95
1
91
4
Exit
91
95
[25, 21, 19, 17, 18, 17, 13]
25
1
21
4
Exit
21
25
[65, 61, 59, 61, 60, 53]
65
1
61
4
Exit
61
65
[58, 54, 54, 53, 52, 50]
58
1
54
4
Exit
54
58
[58, 54, 54, 51, 52]
58
1
54
4
Exit
54
58
[37, 33, 33, 32, 29, 29]
37
1
33
4
Exit
33
37
[71, 67, 65, 63, 62, 62, 58]
71
1
67
4
Exit
67
71
[62, 58, 56, 55, 55, 53, 51, 46]
62
1
58
4
Exit
58
62
[23, 19, 16, 15, 12, 8, 5]
23
1
19
4
Exit
19
23
[76, 72, 68, 67, 70]
76
1
72
4
Exit
72
76
[48, 44, 40, 38, 35, 35]
48
1
44
4
Exit
44
48
[87, 83, 81, 77, 75, 74, 70]
87
1
83
4
Exit
83
87
[66, 62, 59, 55, 49]
66
1
62
4
Exit
62
66
[20, 16, 13, 8, 6, 4, 1]
20
1
16
4
Exit
16
20
[56, 52, 51, 49, 42, 44]
56
1
52
4
Exit
52
56
[31, 27, 22, 20, 19, 18, 18]
31
1
27
4
Exit
27
31
[30, 26, 24, 19, 17, 16, 12]
30
1
26
4
Exit
26
30
[30, 26, 23, 20, 15, 14, 12, 5]
30
1
26
4
Exit
26
30
[51, 45, 42, 40, 38]
51
1
45
6
Exit
45
51
[34, 29, 27, 24, 25]
34
1
29
5
Exit
29
34
[51, 44, 43, 42, 42]
51
1
44
7
Exit
44
51
[33, 26, 24, 22, 18]
33
1
26
7
Exit
26
33
[82, 76, 74, 73, 67]
82
1
76
6
Exit
76
82
[61, 54, 55, 52, 51, 50]
61
1
54
7
Exit
54
61
[74, 68, 66, 69, 72]
74
1
68
6
Exit
68
74
[14, 7, 8, 7, 7]
14
1
7
7
Exit
7
14
[62, 56, 55, 57, 55, 52, 48]
62
1
56
6
Exit
56
62
[50, 45, 42, 44, 37]
50
1
45
5
Exit
45
50
[19, 12, 12, 9, 7, 6]
19
1
12
7
Exit
12
19
[39, 34, 34, 31, 29, 30]
39
1
34
5
Exit
34
39
[65, 58, 55, 53, 51, 51, 51]
65
1
58
7
Exit
58
65
[84, 79, 77, 75, 75, 71]
84
1
79
5
Exit
79
84
[84, 79, 78, 75, 75, 73, 67]
84
1
79
5
Exit
79
84
[43, 37, 36, 32, 31, 28, 25, 23]
43
1
37
6
Exit
37
43
[77, 70, 66, 63, 61, 58, 60]
77
1
70
7
Exit
70
77
[48, 43, 39, 37, 37]
48
1
43
5
Exit
43
48
[78, 72, 68, 67, 64, 61, 57]
78
1
72
6
Exit
72
78
[25, 18, 14, 12, 5]
25
1
18
7
Exit
18
25
[71, 66, 65, 58, 55, 53]
71
1
66
5
Exit
66
71
[90, 84, 82, 81, 76, 75, 74, 77]
90
1
84
6
Exit
84
90
[54, 47, 46, 41, 41]
54
1
47
7
Exit
47
54
[41, 35, 33, 28, 24]
41
1
35
6
Exit
35
41
[78, 73, 72, 71, 64, 62, 56]
78
1
73
5
Exit
73
78
[10, 11, 12, 13, 15, 16, 14]
10
1
11
-1
Exit
11
10
[49, 50, 51, 53, 56, 58, 60, 60]
49
1
50
-1
Exit
50
49
[20, 21, 22, 25, 27, 30, 34]
20
1
21
-1
Exit
21
20
[70, 71, 74, 77, 78, 80, 86]
70
1
71
-1
Exit
71
70
[44, 45, 48, 45, 46, 48, 50, 53]
44
1
45
-1
Exit
45
44
[62, 64, 65, 68, 71, 73, 70, 69]
62
1
64
-2
Exit
64
62
[73, 75, 76, 79, 82, 81, 81]
73
1
75
-2
Exit
75
73
[34, 35, 32, 35, 39]
34
1
35
-1
Exit
35
34
[75, 76, 78, 80, 78, 80, 85]
75
1
76
-1
Exit
76
75
[91, 92, 95, 95, 98]
91
1
92
-1
Exit
92
91
[22, 25, 25, 26, 27, 29, 31, 28]
22
1
25
-3
Exit
25
22
[27, 30, 31, 31, 34, 36, 39, 39]
27
1
30
-3
Exit
30
27
[55, 56, 56, 58, 62]
55
1
56
-1
Exit
56
55
[25, 28, 28, 31, 34, 39]
25
1
28
-3
Exit
28
25
[57, 60, 63, 64, 68, 70, 72, 73]
57
1
60
-3
Exit
60
57
[60, 62, 65, 69, 72, 70]
60
1
62
-2
Exit
62
60
[46, 47, 48, 52, 54, 54]
46
1
47
-1
Exit
47
46
[19, 22, 23, 25, 29, 33]
19
1
22
-3
Exit
22
19
[83, 84, 86, 90, 91, 93, 98]
83
1
84
-1
Exit
84
83
[41, 42, 44, 49, 52, 55, 56, 57]
41
1
42
-1
Exit
42
41
[16, 19, 21, 24, 27, 34, 37, 36]
16
1
19
-3
Exit
19
16
[27, 29, 32, 35, 38, 43, 43]
27
1
29
-2
Exit
29
27
[30, 31, 33, 40, 43, 47]
30
1
31
-1
Exit
31
30
[39, 40, 41, 47, 48, 49, 56]
39
1
40
-1
Exit
40
39
[83, 81, 83, 85, 86, 89, 91]
83
1
81
2
83
-2
Exit
83
81
[48, 46, 49, 52, 54, 55, 53]
48
1
46
2
49
-3
Exit
49
46
[73, 71, 73, 74, 75, 78, 78]
73
1
71
2
73
-2
Exit
73
71
[71, 70, 71, 73, 74, 77, 79, 83]
71
1
70
1
71
-1
Exit
71
70
[39, 36, 38, 41, 42, 44, 45, 52]
39
1
36
3
38
-2
Exit
38
36
[86, 85, 86, 84, 86, 87, 89, 91]
86
1
85
1
86
-1
Exit
86
85
[44, 42, 45, 48, 46, 45]
44
1
42
2
45
-3
Exit
45
42
[86, 85, 86, 89, 87, 87]
86
1
85
1
86
-1
Exit
86
85
[4, 1, 2, 1, 5]
4
1
1
3
2
-1
Exit
2
1
[46, 45, 44, 46, 47, 50, 56]
46
1
45
1
44
1
46
-2
Exit
46
44
[89, 86, 86, 89, 90, 91]
89
1
86
3
86
0
Exit
86
86
[73, 71, 72, 75, 76, 77, 77, 76]
73
1
71
2
72
-1
Exit
72
71
[24, 22, 23, 23, 25, 27, 27]
24
1
22
2
23
-1
Exit
23
22
[29, 28, 29, 29, 33]
29
1
28
1
29
-1
Exit
29
28
[69, 66, 69, 69, 71, 73, 76, 83]
69
1
66
3
69
-3
Exit
69
66
[61, 59, 63, 65, 67]
61
1
59
2
63
-4
Exit
63
59
[67, 66, 70, 71, 69]
67
1
66
1
70
-4
Exit
70
66
[53, 50, 53, 57, 59, 60, 60]
53
1
50
3
53
-3
Exit
53
50
[72, 70, 72, 76, 80]
72
1
70
2
72
-2
Exit
72
70
[38, 35, 38, 42, 49]
38
1
35
3
38
-3
Exit
38
35
[50, 48, 51, 58, 61]
50
1
48
2
51
-3
Exit
51
48
[70, 68, 70, 76, 73]
70
1
68
2
70
-2
Exit
70
68
[61, 60, 61, 67, 69, 69]
61
1
60
1
61
-1
Exit
61
60
[30, 27, 29, 31, 33, 38, 42]
30
1
27
3
29
-2
Exit
29
27
[4, 1, 2, 5, 8, 14, 16, 23]
4
1
1
3
2
-1
Exit
2
1
[12, 12, 15, 16, 19, 21]
12
1
12
0
Exit
12
12
[37, 37, 39, 40, 38]
37
1
37
0
Exit
37
37
[2, 2, 5, 7, 9, 10, 11, 11]
2
1
2
0
Exit
2
2
[3, 3, 6, 7, 11]
3
1
3
0
Exit
3
3
[18, 18, 20, 23, 30]
18
1
18
0
Exit
18
18
[70, 70, 72, 73, 70, 73, 75]
70
1
70
0
Exit
70
70
[38, 38, 40, 37, 39, 42, 43, 42]
38
1
38
0
Exit
38
38
[71, 71, 74, 73, 73]
71
1
71
0
Exit
71
71
[65, 65, 64, 67, 68, 71, 75]
65
1
65
0
Exit
65
65
[35, 35, 36, 37, 36, 43]
35
1
35
0
Exit
35
35
[30, 30, 31, 31, 32, 35]
30
1
30
0
Exit
30
30
[93, 93, 95, 95, 96, 94]
93
1
93
0
Exit
93
93
[27, 27, 27, 30, 32, 33, 36, 36]
27
1
27
0
Exit
27
27
[36, 36, 36, 38, 40, 44]
36
1
36
0
Exit
36
36
[18, 18, 20, 21, 22, 25, 25, 30]
18
1
18
0
Exit
18
18
[62, 62, 64, 68, 70, 73]
62
1
62
0
Exit
62
62
[90, 90, 94, 95, 96, 99, 97]
90
1
90
0
Exit
90
90
[44, 44, 48, 49, 51, 51]
44
1
44
0
Exit
44
44
[68, 68, 69, 73, 75, 79]
68
1
68
0
Exit
68
68
[60, 60, 64, 66, 72]
60
1
60
0
Exit
60
60
[20, 20, 22, 24, 31, 33, 36, 37]
20
1
20
0
Exit
20
20
[34, 34, 37, 43, 45, 43]
34
1
34
0
Exit
34
34
[58, 58, 63, 64, 67, 67]
58
1
58
0
Exit
58
58
[54, 54, 60, 61, 64, 67, 71]
54
1
54
0
Exit
54
54
[67, 67, 68, 70, 77, 80, 86]
67
1
67
0
Exit
67
67
[75, 79, 81, 84, 87, 89]
75
1
79
-4
Exit
79
75
[45, 49, 51, 53, 50]
45
1
49
-4
Exit
49
45
[5, 9, 12, 15, 17, 19, 19]
5
1
9
-4
Exit
9
5
[47, 51, 54, 55, 56, 60]
47
1
51
-4
Exit
51
47
[76, 80, 81, 83, 86, 89, 90, 97]
76
1
80
-4
Exit
80
76
[83, 87, 89, 88, 91, 92]
83
1
87
-4
Exit
87
83
[29, 33, 31, 34, 31]
29
1
33
-4
Exit
33
29
[51, 55, 57, 60, 57, 59, 59]
51
1
55
-4
Exit
55
51
[35, 39, 40, 39, 40, 44]
35
1
39
-4
Exit
39
35
[1, 5, 8, 5, 8, 13]
1
1
5
-4
Exit
5
1
[74, 78, 79, 79, 80]
74
1
78
-4
Exit
78
74
[57, 61, 61, 62, 65, 63]
57
1
61
-4
Exit
61
57
[4, 8, 8, 10, 10]
4
1
8
-4
Exit
8
4
[67, 71, 74, 74, 77, 81]
67
1
71
-4
Exit
71
67
[42, 46, 47, 50, 50, 55]
42
1
46
-4
Exit
46
42
[36, 40, 41, 45, 47]
36
1
40
-4
Exit
40
36
[53, 57, 60, 64, 67, 64]
53
1
57
-4
Exit
57
53
[6, 10, 11, 13, 17, 17]
6
1
10
-4
Exit
10
6
[78, 82, 84, 88, 90, 94]
78
1
82
-4
Exit
82
78
[79, 83, 86, 89, 93, 98]
79
1
83
-4
Exit
83
79
[34, 38, 45, 46, 49, 52]
34
1
38
-4
Exit
38
34
[50, 54, 59, 62, 64, 66, 65]
50
1
54
-4
Exit
54
50
[58, 62, 69, 71, 72, 72]
58
1
62
-4
Exit
62
58
[56, 60, 65, 66, 67, 71]
56
1
60
-4
Exit
60
56
[22, 26, 28, 30, 32, 37, 38, 44]
22
1
26
-4
Exit
26
22
[84, 89, 91, 93, 94, 95]
84
1
89
-5
Exit
89
84
[58, 63, 64, 67, 65]
58
1
63
-5
Exit
63
58
[36, 41, 44, 47, 50, 52, 55, 55]
36
1
41
-5
Exit
41
36
[62, 67, 68, 69, 73]
62
1
67
-5
Exit
67
62
[70, 77, 80, 81, 84, 86, 92]
70
1
77
-7
Exit
77
70
[68, 73, 74, 71, 72, 75, 78, 81]
68
1
73
-5
Exit
73
68
[73, 79, 76, 79, 76]
73
1
79
-6
Exit
79
73
[53, 58, 55, 56, 57, 58, 59, 59]
53
1
58
-5
Exit
58
53
[31, 36, 34, 37, 40, 44]
31
1
36
-5
Exit
36
31
[37, 43, 41, 43, 50]
37
1
43
-6
Exit
43
37
[14, 20, 22, 22, 25]
14
1
20
-6
Exit
20
14
[70, 75, 77, 80, 80, 81, 84, 83]
70
1
75
-5
Exit
75
70
[51, 56, 59, 59, 59]
51
1
56
-5
Exit
56
51
[2, 8, 9, 12, 12, 14, 16, 20]
2
1
8
-6
Exit
8
2
[50, 55, 57, 58, 60, 60, 65]
50
1
55
-5
Exit
55
50
[58, 63, 64, 66, 70, 72]
58
1
63
-5
Exit
63
58
[81, 88, 90, 93, 97, 95]
81
1
88
-7
Exit
88
81
[26, 33, 37, 39, 41, 41]
26
1
33
-7
Exit
33
26
[74, 80, 82, 86, 90]
74
1
80
-6
Exit
80
74
[26, 33, 37, 38, 44]
26
1
33
-7
Exit
33
26
[68, 75, 81, 82, 83, 84]
68
1
75
-7
Exit
75
68
[13, 18, 19, 21, 26, 27, 29, 27]
13
1
18
-5
Exit
18
13
[53, 59, 60, 66, 69, 70, 70]
53
1
59
-6
Exit
59
53
[17, 22, 29, 30, 33, 35, 38, 42]
17
1
22
-5
Exit
22
17
[42, 47, 48, 49, 50, 52, 58, 65]
42
1
47
-5
Exit
47
42
[84, 83, 81, 79, 76, 78]
84
1
83
1
81
2
79
2
76
3
78
-2
Exit
78
76
[61, 58, 55, 54, 54]
61
1
58
3
55
3
54
1
54
0
Exit
54
54
[77, 75, 73, 70, 67, 63]
77
1
75
2
73
2
70
3
67
3
63
4
Exit
63
67
[86, 85, 84, 83, 80, 77, 76, 70]
86
1
85
1
84
1
83
1
80
3
77
3
76
1
70
6
Exit
70
76
[44, 41, 42, 39, 38, 37, 35]
44
1
41
3
42
-1
Exit
42
41
[22, 19, 16, 13, 16, 13, 11, 14]
22
1
19
3
16
3
13
3
16
-3
Exit
16
13
[86, 85, 84, 87, 86, 86]
86
1
85
1
84
1
87
-3
Exit
87
84
[32, 31, 30, 29, 31, 28, 24]
32
1
31
1
30
1
29
1
31
-2
Exit
31
29
[18, 15, 12, 9, 7, 9, 7, 1]
18
1
15
3
12
3
9
3
7
2
9
-2
Exit
9
7
[84, 81, 81, 78, 76, 74]
84
1
81
3
81
0
Exit
81
81
[11, 10, 7, 6, 6, 4, 3, 5]
11
1
10
1
7
3
6
1
6
0
Exit
6
6
[20, 19, 19, 18, 18]
20
1
19
1
19
0
Exit
19
19
[16, 13, 13, 10, 6]
16
1
13
3
13
0
Exit
13
13
[99, 96, 94, 91, 89, 86, 86, 80]
99
1
96
3
94
2
91
3
89
2
86
3
86
0
Exit
86
86
[27, 24, 23, 22, 21, 17, 16]
27
1
24
3
23
1
22
1
21
1
17
4
Exit
17
21
[50, 49, 45, 43, 42, 39, 38, 39]
50
1
49
1
45
4
Exit
45
49
[85, 83, 79, 78, 75, 75]
85
1
83
2
79
4
Exit
79
83
[19, 16, 12, 10, 9, 8, 4]
19
1
16
3
12
4
Exit
12
16
[28, 27, 23, 21, 16]
28
1
27
1
23
4
Exit
23
27
[91, 88, 83, 80, 77]
91
1
88
3
83
5
Exit
83
88
[17, 16, 14, 9, 11]
17
1
16
1
14
2
9
5
Exit
9
14
[74, 71, 66, 64, 64]
74
1
71
3
66
5
Exit
66
71
[40, 38, 33, 30, 28, 24]
40
1
38
2
33
5
Exit
33
38
[66, 64, 63, 56, 53, 46]
66
1
64
2
63
1
56
7
Exit
56
63
[33, 34, 33, 32, 31, 28, 27]
33
1
34
-1
Exit
34
33
[52, 54, 52, 50, 47, 46, 43, 46]
52
1
54
-2
Exit
54
52
[60, 63, 61, 59, 57, 54, 54]
60
1
63
-3
Exit
63
60
[82, 84, 82, 81, 78, 77, 74, 70]
82
1
84
-2
Exit
84
82
[36, 39, 37, 35, 28]
36
1
39
-3
Exit
39
36
[67, 69, 66, 64, 67, 65, 64]
67
1
69
-2
Exit
69
67
[45, 46, 45, 48, 51]
45
1
46
-1
Exit
46
45
[83, 84, 82, 83, 81, 80, 80]
83
1
84
-1
Exit
84
83
[33, 36, 38, 36, 32]
33
1
36
-3
Exit
36
33
[88, 91, 88, 87, 89, 86, 80]
88
1
91
-3
Exit
91
88
[43, 44, 42, 39, 39, 38, 37]
43
1
44
-1
Exit
44
43
[35, 36, 36, 33, 30, 31]
35
1
36
-1
Exit
36
35
[3, 4, 4, 2, 2]
3
1
4
-1
Exit
4
3
[77, 79, 76, 74, 74, 71, 67]
77
1
79
-2
Exit
79
77
[89, 92, 92, 90, 88, 87, 85, 79]
89
1
92
-3
Exit
92
89
[45, 48, 44, 41, 40]
45
1
48
-3
Exit
48
45
[33, 36, 33, 30, 28, 27, 23, 25]
33
1
36
-3
Exit
36
33
[66, 69, 68, 65, 61, 59, 57, 57]
66
1
69
-3
Exit
69
66
[88, 89, 88, 84, 80]
88
1
89
-1
Exit
89
88
[46, 47, 43, 42, 36]
46
1
47
-1
Exit
47
46
[97, 98, 96, 94, 89, 88, 87, 84]
97
1
98
-1
Exit
98
97
[11, 14, 12, 5, 3, 6]
11
1
14
-3
Exit
14
11
[80, 83, 82, 81, 74, 74]
80
1
83
-3
Exit
83
80
[24, 26, 23, 16, 12]
24
1
26
-2
Exit
26
24
[63, 64, 57, 54, 48]
63
1
64
-1
Exit
64
63
[86, 86, 85, 83, 82]
86
1
86
0
Exit
86
86
[24, 24, 21, 20, 21]
24
1
24
0
Exit
24
24
[56, 56, 53, 52, 51, 51]
56
1
56
0
Exit
56
56
[60, 60, 58, 55, 54, 50]
60
1
60
0
Exit
60
60
[93, 93, 90, 87, 86, 83, 78]
93
1
93
0
Exit
93
93
[13, 13, 16, 13, 12, 11, 8, 7]
13
1
13
0
Exit
13
13
[64, 64, 63, 66, 64, 66]
64
1
64
0
Exit
64
64
[50, 50, 49, 51, 51]
50
1
50
0
Exit
50
50
[34, 34, 33, 32, 35, 31]
34
1
34
0
Exit
34
34
[82, 82, 79, 77, 80, 78, 73]
82
1
82
0
Exit
82
82
[47, 47, 47, 46, 43]
47
1
47
0
Exit
47
47
[95, 95, 95, 94, 96]
95
1
95
0
Exit
95
95
[48, 48, 48, 45, 44, 44]
48
1
48
0
Exit
48
48
[18, 18, 18, 16, 14, 10]
18
1
18
0
Exit
18
18
[87, 87, 85, 84, 84, 83, 81, 75]
87
1
87
0
Exit
87
87
[72, 72, 68, 67, 66, 63]
72
1
72
0
Exit
72
72
[65, 65, 64, 61, 57, 55, 52, 54]
65
1
65
0
Exit
65
65
[91, 91, 90, 86, 86]
91
1
91
0
Exit
91
91
[46, 46, 42, 39, 35]
46
1
46
0
Exit
46
46
[53, 53, 51, 50, 47, 44, 40, 33]
53
1
53
0
Exit
53
53
[85, 85, 78, 76, 75]
85
1
85
0
Exit
85
85
[70, 70, 68, 63, 61, 62]
70
1
70
0
Exit
70
70
[47, 47, 44, 38, 35, 33, 31, 31]
47
1
47
0
Exit
47
47
[79, 79, 78, 72, 68]
79
1
79
0
Exit
79
79
[73, 73, 68, 65, 58]
73
1
73
0
Exit
73
73
[75, 71, 69, 68, 65]
75
1
71
4
Exit
71
75
[52, 48, 46, 43, 40, 38, 35, 37]
52
1
48
4
Exit
48
52
[21, 17, 15, 12, 12]
21
1
17
4
Exit
17
21
[41, 37, 35, 32, 28]
41
1
37
4
Exit
37
41
[88, 84, 83, 81, 78, 72]
88
1
84
4
Exit
84
88
[68, 64, 61, 63, 61]
68
1
64
4
Exit
64
68
[18, 14, 15, 12, 13]
18
1
14
4
Exit
14
18
[62, 58, 56, 53, 54, 51, 51]
62
1
58
4
Exit
58
62
[24, 20, 18, 19, 15]
24
1
20
4
Exit
20
24
[93, 89, 87, 89, 84]
93
1
89
4
Exit
89
93
[41, 37, 35, 34, 34, 33, 32]
41
1
37
4
Exit
37
41
[44, 40, 39, 36, 36, 34, 35]
44
1
40
4
Exit
40
44
[22, 18, 16, 16, 16]
22
1
18
4
Exit
18
22
[86, 82, 80, 77, 77, 74, 73, 69]
86
1
82
4
Exit
82
86
[34, 30, 29, 28, 27, 26, 26, 19]
34
1
30
4
Exit
30
34
[93, 89, 87, 83, 80, 79]
93
1
89
4
Exit
89
93
[59, 55, 54, 51, 47, 46, 45, 47]
59
1
55
4
Exit
55
59
[20, 16, 13, 12, 8, 6, 4, 4]
20
1
16
4
Exit
16
20
[27, 23, 20, 17, 15, 14, 10, 6]
27
1
23
4
Exit
23
27
[25, 21, 17, 16, 11]
25
1
21
4
Exit
21
25
[98, 94, 88, 87, 84]
98
1
94
4
Exit
94
98
[65, 61, 58, 55, 52, 47, 44, 46]
65
1
61
4
Exit
61
65
[32, 28, 26, 20, 20]
32
1
28
4
Exit
28
32
[82, 78, 77, 74, 72, 67, 63]
82
1
78
4
Exit
78
82
[55, 51, 49, 47, 45, 44, 37, 32]
55
1
51
4
Exit
51
55
[36, 31, 28, 27, 26, 23, 21, 20]
36
1
31
5
Exit
31
36
[90, 85, 83, 80, 77, 76, 74, 76]
90
1
85
5
Exit
85
90
[15, 10, 8, 7, 6, 5, 3, 3]
15
1
10
5
Exit
10
15
[57, 51, 49, 46, 45, 44, 42, 38]
57
1
51
6
Exit
51
57
[29, 24, 21, 20, 19, 13]
29
1
24
5
Exit
24
29
[82, 76, 74, 72, 71, 72, 69, 66]
82
1
76
6
Exit
76
82
[10, 4, 7, 4, 5]
10
1
4
6
Exit
4
10
[37, 32, 34, 32, 29, 28, 26, 26]
37
1
32
5
Exit
32
37
[56, 50, 52, 50, 46]
56
1
50
6
Exit
50
56
[53, 46, 49, 47, 46, 45, 43, 38]
53
1
46
7
Exit
46
53
[76, 71, 68, 68, 65, 64]
76
1
71
5
Exit
71
76
[88, 81, 81, 79, 77, 74, 76]
88
1
81
7
Exit
81
88
[83, 76, 76, 73, 73]
83
1
76
7
Exit
76
83
[66, 59, 59, 58, 54]
66
1
59
7
Exit
59
66
[98, 93, 92, 90, 90, 84]
98
1
93
5
Exit
93
98
[27, 22, 18, 17, 14, 11]
27
1
22
5
Exit
22
27
[29, 24, 20, 19, 17, 15, 18]
29
1
24
5
Exit
24
29
[81, 76, 74, 71, 67, 65, 62, 62]
81
1
76
5
Exit
76
81
[69, 63, 60, 56, 55, 51]
69
1
63
6
Exit
63
69
[86, 81, 77, 74, 67]
86
1
81
5
Exit
81
86
[74, 67, 62, 59, 58]
74
1
67
7
Exit
67
74
[66, 60, 55, 54, 56]
66
1
60
6
Exit
60
66
[53, 46, 39, 37, 35, 33, 33]
53
1
46
7
Exit
46
53
[29, 23, 20, 14, 10]
29
1
23
6
Exit
23
29
[33, 28, 27, 26, 19, 16, 15, 8]
33
1
28
5
Exit
28
33
[60, 61, 56, 55, 51]
60
1
61
-1
Exit
61
60
[97, 91, 88, 87, 86, 80, 81]
97
1
91
6
Exit
91
97
[74, 73, 68, 67, 64, 60]
74
1
73
1
68
5
Exit
68
73
[23, 21, 17, 15, 12, 12]
23
1
21
2
17
4
Exit
17
21
[47, 53, 55, 56, 59, 60, 63, 65]
47
1
53
-6
Exit
53
47
[38, 38, 38, 36, 34]
38
1
38
0
Exit
38
38
[69, 62, 59, 57, 54]
69
1
62
7
Exit
62
69
[13, 13, 12, 9, 8, 7, 7, 9]
13
1
13
0
Exit
13
13
[32, 34, 34, 37, 39, 41, 42, 43]
32
1
34
-2
Exit
34
32
[81, 77, 75, 74, 75, 73, 72]
81
1
77
4
Exit
77
81
[2, 3, 5, 7, 12, 14, 11]
2
1
3
-1
Exit
3
2
[43, 43, 41, 40, 40, 39, 33]
43
1
43
0
Exit
43
43
[27, 25, 27, 28, 32]
27
1
25
2
27
-2
Exit
27
25
[47, 51, 53, 55, 62, 63, 69]
47
1
51
-4
Exit
51
47
[29, 32, 34, 33, 30, 26]
29
1
32
-3
Exit
32
29
[51, 58, 60, 61, 65, 68, 68]
51
1
58
-7
Exit
58
51
[66, 69, 68, 69, 71, 73, 73]
66
1
69
-3
Exit
69
66
[84, 84, 86, 83, 79]
84
1
84
0
Exit
84
84
[59, 60, 56, 53, 51]
59
1
60
-1
Exit
60
59
[15, 20, 22, 23, 27, 29, 32, 39]
15
1
20
-5
Exit
20
15
[4, 11, 12, 10, 11, 13]
4
1
11
-7
Exit
11
4
[39, 35, 33, 31, 33, 31, 31]
39
1
35
4
Exit
35
39
[29, 30, 32, 33, 35, 35]
29
1
30
-1
Exit
30
29
[84, 83, 84, 84, 87, 88, 91, 96]
84
1
83
1
84
-1
Exit
84
83
[20, 15, 14, 11, 12]
20
1
15
5
Exit
15
20
[16, 16, 14, 15, 14, 13, 11, 12]
16
1
16
0
Exit
16
16
[49, 43, 41, 37, 38]
49
1
43
6
Exit
43
49
[9, 16, 20, 22, 25, 28, 32]
9
1
16
-7
Exit
16
9
[18, 18, 19, 21, 25, 26]
18
1
18
0
Exit
18
18
[72, 74, 75, 78, 82, 82]
72
1
74
-2
Exit
74
72
[19, 23, 28, 31, 35]
19
1
23
-4
Exit
23
19
[86, 79, 78, 74, 70]
86
1
79
7
Exit
79
86
[14, 14, 17, 14, 15, 18, 22]
14
1
14
0
Exit
14
14
[59, 52, 51, 54, 51, 48, 46]
59
1
52
7
Exit
52
59
[1, 1, 2, 5, 7, 12, 11]
1
1
1
0
Exit
1
1
[54, 50, 49, 47, 43, 43]
54
1
50
4
Exit
50
54
[81, 85, 86, 87, 88, 89, 87, 90]
81
1
85
-4
Exit
85
81
[7, 8, 11, 13, 16, 22]
7
1
8
-1
Exit
8
7
[4, 10, 7, 8, 12]
4
1
10
-6
Exit
10
4
[70, 64, 63, 60, 62, 62]
70
1
64
6
Exit
64
70
[6, 6, 9, 14, 16, 18, 21, 28]
6
1
6
0
Exit
6
6
[56, 61, 58, 60, 62, 67]
56
1
61
-5
Exit
61
56
[44, 37, 35, 31, 28, 26, 21]
44
1
37
7
Exit
37
44
[14, 18, 20, 23, 27, 27]
14
1
18
-4
Exit
18
14
[44, 44, 42, 39, 37, 37, 35, 31]
44
1
44
0
Exit
44
44
[95, 95, 97, 99, 97, 99, 96]
95
1
95
0
Exit
95
95
[62, 64, 61, 61, 58, 55]
62
1
64
-2
Exit
64
62
[52, 58, 58, 59, 60, 61]
52
1
58
-6
Exit
58
52
[30, 28, 30, 33, 33, 36]
30
1
28
2
30
-2
Exit
30
28
[51, 47, 44, 41, 40, 37]
51
1
47
4
Exit
47
51
[81, 78, 76, 73, 75, 72]
81
1
78
3
76
2
73
3
75
-2
Exit
75
73
[23, 24, 28, 30, 33, 35, 38, 40]
23
1
24
-1
Exit
24
23
[12, 10, 7, 5, 4, 4, 5]
12
1
10
2
7
3
5
2
4
1
4
0
Exit
4
4
[16, 19, 19, 22, 26]
16
1
19
-3
Exit
19
16
[79, 80, 83, 82, 83, 86, 88]
79
1
80
-1
Exit
80
79
[76, 69, 66, 65, 62, 62, 61, 62]
76
1
69
7
Exit
69
76
[14, 13, 7, 5, 4, 7]
14
1
13
1
7
6
Exit
7
13
[56, 50, 48, 45, 45, 41]
56
1
50
6
Exit
50
56
[62, 64, 65, 69, 73]
62
1
64
-2
Exit
64
62
[64, 68, 71, 72, 75, 74, 74]
64
1
68
-4
Exit
68
64
[43, 47, 51, 54, 56, 59, 63]
43
1
47
-4
Exit
47
43
[60, 56, 53, 51, 50, 47, 46, 42]
60
1
56
4
Exit
56
60
[75, 78, 77, 77, 75, 75]
75
1
78
-3
Exit
78
75
[53, 53, 57, 60, 61, 66]
53
1
53
0
Exit
53
53
[82, 85, 84, 82, 80, 82, 79, 74]
82
1
85
-3
Exit
85
82
[66, 61, 58, 51, 49, 47, 46]
66
1
61
5
Exit
61
66
[35, 39, 39, 40, 42, 44, 48]
35
1
39
-4
Exit
39
35
[42, 35, 34, 31, 28, 21, 20, 20]
42
1
35
7
Exit
35
42
[94, 87, 85, 86, 83, 79]
94
1
87
7
Exit
87
94
[53, 55, 56, 59, 62, 66]
53
1
55
-2
Exit
55
53
[10, 9, 13, 14, 12]
10
1
9
1
13
-4
Exit
13
9
[19, 25, 27, 29, 32, 39, 39]
19
1
25
-6
Exit
25
19
[79, 77, 80, 82, 85, 82, 79]
79
1
77
2
80
-3
Exit
80
77
[39, 35, 33, 34, 33, 30, 26]
39
1
35
4
Exit
35
39
[64, 71, 73, 76, 83, 85, 84]
64
1
71
-7
Exit
71
64
[64, 65, 63, 66, 70]
64
1
65
-1
Exit
65
64
[73, 74, 81, 84, 85, 85]
73
1
74
-1
Exit
74
73
[34, 34, 35, 36, 36]
34
1
34
0
Exit
34
34
[63, 69, 70, 72, 75, 81, 84, 88]
63
1
69
-6
Exit
69
63
[66, 70, 77, 79, 82, 85]
66
1
70
-4
Exit
70
66
[80, 81, 79, 75, 68]
80
1
81
-1
Exit
81
80
[91, 87, 86, 85, 82, 80, 83, 86]
91
1
87
4
Exit
87
91
[50, 50, 56, 59, 62]
50
1
50
0
Exit
50
50
[2, 7, 7, 10, 14]
2
1
7
-5
Exit
7
2
[61, 62, 66, 67, 68, 70, 71, 70]
61
1
62
-1
Exit
62
61
[43, 43, 45, 47, 47, 48, 48]
43
1
43
0
Exit
43
43
[29, 27, 24, 18, 16, 9]
29
1
27
2
24
3
18
6
Exit
18
24
[17, 21, 23, 23, 29]
17
1
21
-4
Exit
21
17
[84, 77, 75, 74, 73, 70, 63]
84
1
77
7
Exit
77
84
[32, 30, 29, 26, 22, 21, 16]
32
1
30
2
29
1
26
3
22
4
Exit
22
26
[25, 18, 15, 17, 14, 12, 9, 3]
25
1
18
7
Exit
18
25
[82, 85, 88, 90, 92, 90]
82
1
85
-3
Exit
85
82
[21, 18, 21, 18, 21]
21
1
18
3
21
-3
Exit
21
18
[76, 82, 82, 83, 85, 87, 87]
76
1
82
-6
Exit
82
76
[52, 50, 47, 42, 41]
52
1
50
2
47
3
42
5
Exit
42
47
[22, 26, 28, 29, 30, 30]
22
1
26
-4
Exit
26
22
[17, 17, 18, 18, 20, 22]
17
1
17
0
Exit
17
17
[26, 26, 22, 20, 14]
26
1
26
0
Exit
26
26
[34, 32, 37, 38, 40, 43, 45, 46]
34
1
32
2
37
-5
Exit
37
32
[60, 60, 62, 65, 62]
60
1
60
0
Exit
60
60
[20, 17, 20, 21, 24, 27, 34, 34]
20
1
17
3
20
-3
Exit
20
17
[41, 40, 41, 42, 43, 47, 50, 50]
41
1
40
1
41
-1
Exit
41
40
[56, 49, 45, 42, 42]
56
1
49
7
Exit
49
56
[21, 21, 25, 26, 29, 30, 32, 36]
21
1
21
0
Exit
21
21
[48, 44, 44, 43, 40, 38]
48
1
44
4
Exit
44
48
[94, 93, 91, 93, 92, 88]
94
1
93
1
91
2
93
-2
Exit
93
91
[70, 73, 70, 69, 64, 63]
70
1
73
-3
Exit
73
70
[42, 46, 47, 50, 54]
42
1
46
-4
Exit
46
42
[25, 26, 24, 22, 19, 17, 19]
25
1
26
-1
Exit
26
25
[95, 95, 94, 92, 90, 93, 90, 88]
95
1
95
0
Exit
95
95
[23, 22, 24, 23, 27]
23
1
22
1
24
-2
Exit
24
22
[75, 76, 75, 72, 71, 68]
75
1
76
-1
Exit
76
75
[74, 73, 71, 70, 69, 66, 59, 59]
74
1
73
1
71
2
70
1
69
1
66
3
59
7
Exit
59
66
[14, 20, 22, 24, 26, 29, 27]
14
1
20
-6
Exit
20
14
[15, 18, 22, 23, 24, 29]
15
1
18
-3
Exit
18
15
[50, 50, 51, 54, 56, 57, 59]
50
1
50
0
Exit
50
50
[41, 39, 39, 41, 43, 44, 47, 51]
41
1
39
2
39
0
Exit
39
39
[22, 22, 19, 19, 18, 18]
22
1
22
0
Exit
22
22
[63, 63, 66, 68, 69, 70, 74]
63
1
63
0
Exit
63
63
[21, 20, 19, 18, 16, 13, 12, 5]
21
1
20
1
19
1
18
1
16
2
13
3
12
1
5
7
Exit
5
12
[72, 69, 66, 66, 65, 61]
72
1
69
3
66
3
66
0
Exit
66
66
[61, 68, 69, 71, 74, 75, 75]
61
1
68
-7
Exit
68
61
[81, 75, 74, 73, 72, 66, 60]
81
1
75
6
Exit
75
81
[18, 18, 19, 19, 20, 22, 19]
18
1
18
0
Exit
18
18
[78, 74, 72, 69, 65, 64, 61, 62]
78
1
74
4
Exit
74
78
[30, 26, 24, 21, 19, 19, 19]
30
1
26
4
Exit
26
30
[76, 76, 78, 79, 80, 78, 78]
76
1
76
0
Exit
76
76
[32, 38, 40, 43, 50]
32
1
38
-6
Exit
38
32
[63, 56, 56, 54, 54]
63
1
56
7
Exit
56
63
[81, 82, 81, 79, 79, 81]
81
1
82
-1
Exit
82
81
[85, 85, 86, 86, 87, 88, 94]
85
1
85
0
Exit
85
85
[65, 61, 59, 56, 49]
65
1
61
4
Exit
61
65
[1, 5, 8, 10, 8, 10, 9]
1
1
5
-4
Exit
5
1
[63, 64, 67, 67, 68, 69, 67]
63
1
64
-1
Exit
64
63
[44, 44, 45, 49, 49]
44
1
44
0
Exit
44
44
[87, 83, 82, 79, 82]
87
1
83
4
Exit
83
87
[54, 59, 60, 63, 64, 67, 70, 74]
54
1
59
-5
Exit
59
54
[13, 12, 11, 9, 8, 8]
13
1
12
1
11
1
9
2
8
1
8
0
Exit
8
8
[30, 32, 31, 30, 24, 21, 16]
30
1
32
-2
Exit
32
30
[77, 75, 72, 71, 73, 70, 67, 67]
77
1
75
2
72
3
71
1
73
-2
Exit
73
71
[86, 86, 91, 93, 93]
86
1
86
0
Exit
86
86
[70, 70, 67, 62, 60, 59, 58]
70
1
70
0
Exit
70
70
[44, 50, 51, 57, 59, 60, 62]
44
1
50
-6
Exit
50
44
[84, 84, 90, 91, 95]
84
1
84
0
Exit
84
84
[42, 46, 47, 50, 53, 58, 58]
42
1
46
-4
Exit
46
42
[31, 27, 25, 25, 28]
31
1
27
4
Exit
27
31
[1, 1, 4, 1, 1]
1
1
1
0
Exit
1
1
[47, 52, 52, 54, 57, 64]
47
1
52
-5
Exit
52
47
[38, 36, 38, 37, 37]
38
1
36
2
38
-2
Exit
38
36
[49, 49, 45, 43, 42, 41]
49
1
49
0
Exit
49
49
[20, 19, 26, 28, 33]
20
1
19
1
26
-7
Exit
26
19
[50, 53, 55, 54, 56, 63]
50
1
53
-3
Exit
53
50
[19, 26, 30, 33, 35, 34]
19
1
26
-7
Exit
26
19
[73, 73, 76, 79, 82, 82, 86]
73
1
73
0
Exit
73
73
[40, 36, 33, 32, 35, 29]
40
1
36
4
Exit
36
40
[50, 51, 53, 54, 60, 67]
50
1
51
-1
Exit
51
50
[68, 72, 74, 77, 79, 81, 81, 84]
68
1
72
-4
Exit
72
68
[76, 79, 82, 84, 91, 94, 98]
76
1
79
-3
Exit
79
76
[8, 6, 7, 9, 11, 11]
8
1
6
2
7
-1
Exit
7
6
[56, 50, 48, 48, 46]
56
1
50
6
Exit
50
56
[14, 17, 14, 14, 10]
14
1
17
-3
Exit
17
14
[9, 13, 18, 19, 17]
9
1
13
-4
Exit
13
9
[57, 58, 55, 55, 52, 50, 49, 43]
57
1
58
-1
Exit
58
57
[85, 82, 80, 77, 74, 71, 68]
85
1
82
3
80
2
77
3
74
3
71
3
68
3
[80, 81, 82, 84, 86, 88]
80
1
81
-1
Exit
81
80
[17, 19, 20, 21, 23, 24, 25]
17
1
19
-2
Exit
19
17
[85, 83, 81, 80, 78]
85
1
83
2
81
2
80
1
78
2
[50, 47, 46, 44, 42]
50
1
47
3
46
1
44
2
42
2
[71, 69, 66, 65, 63, 62]
71
1
69
2
66
3
65
1
63
2
62
1
[80, 78, 75, 73, 70]
80
1
78
2
75
3
73
2
70
3
[28, 29, 32, 33, 34, 36]
28
1
29
-1
Exit
29
28
[36, 33, 30, 28, 25, 22, 20]
36
1
33
3
30
3
28
2
25
3
22
3
20
2
[66, 68, 70, 71, 74, 75]
66
1
68
-2
Exit
68
66
[36, 33, 32, 30, 29, 27, 26, 23]
36
1
33
3
32
1
30
2
29
1
27
2
26
1
23
3
[67, 66, 64, 62, 61, 59, 58, 55]
67
1
66
1
64
2
62
2
61
1
59
2
58
1
55
3
[45, 43, 40, 39, 36, 34, 31, 30]
45
1
43
2
40
3
39
1
36
3
34
2
31
3
30
1
[25, 23, 20, 19, 16, 15, 14]
25
1
23
2
20
3
19
1
16
3
15
1
14
1
[67, 65, 63, 60, 59, 58]
67
1
65
2
63
2
60
3
59
1
58
1
[45, 42, 40, 38, 37, 34]
45
1
42
3
40
2
38
2
37
1
34
3
[67, 69, 72, 74, 77, 80, 81, 84]
67
1
69
-2
Exit
69
67
[86, 84, 82, 80, 77]
86
1
84
2
82
2
80
2
77
3
[13, 11, 10, 7, 6, 4, 2]
13
1
11
2
10
1
7
3
6
1
4
2
2
2
[18, 20, 21, 23, 26, 28, 31]
18
1
20
-2
Exit
20
18
[79, 80, 83, 85, 88, 89, 92, 95]
79
1
80
-1
Exit
80
79
[70, 72, 74, 76, 77, 78, 81, 82]
70
1
72
-2
Exit
72
70
[43, 45, 48, 51, 52]
43
1
45
-2
Exit
45
43
[66, 63, 62, 61, 60, 57, 55]
66
1
63
3
62
1
61
1
60
1
57
3
55
2
[15, 12, 11, 8, 5]
15
1
12
3
11
1
8
3
5
3
[86, 83, 82, 81, 78]
86
1
83
3
82
1
81
1
78
3
[75, 78, 81, 82, 85]
75
1
78
-3
Exit
78
75
[28, 29, 32, 33, 36, 38]
28
1
29
-1
Exit
29
28
[72, 75, 78, 80, 81, 83, 86, 88]
72
1
75
-3
Exit
75
72
[23, 21, 18, 16, 14]
23
1
21
2
18
3
16
2
14
2
[98, 96, 94, 93, 90]
98
1
96
2
94
2
93
1
90
3
[76, 75, 74, 71, 69, 68, 65, 62]
76
1
75
1
74
1
71
3
69
2
68
1
65
3
62
3
[66, 65, 64, 61, 60, 57, 54, 53]
66
1
65
1
64
1
61
3
60
1
57
3
54
3
53
1
[73, 71, 70, 67, 66, 65, 62, 59]
73
1
71
2
70
1
67
3
66
1
65
1
62
3
59
3
[41, 44, 45, 48, 50, 53]
41
1
44
-3
Exit
44
41
[27, 24, 23, 22, 19]
27
1
24
3
23
1
22
1
19
3
[17, 14, 13, 12, 10, 9, 6, 5]
17
1
14
3
13
1
12
1
10
2
9
1
6
3
5
1
[36, 33, 30, 28, 26, 24, 21]
36
1
33
3
30
3
28
2
26
2
24
2
21
3
[94, 92, 89, 88, 85]
94
1
92
2
89
3
88
1
85
3
[50, 53, 55, 57, 60, 61]
50
1
53
-3
Exit
53
50
[62, 65, 66, 69, 70, 73]
62
1
65
-3
Exit
65
62
[47, 46, 44, 41, 38, 35, 34, 31]
47
1
46
1
44
2
41
3
38
3
35
3
34
1
31
3
[48, 51, 53, 54, 55, 56, 59]
48
1
51
-3
Exit
51
48
[78, 79, 80, 81, 82, 85, 87, 89]
78
1
79
-1
Exit
79
78
[51, 54, 56, 58, 61, 64, 65]
51
1
54
-3
Exit
54
51
[50, 52, 53, 54, 55, 58, 61, 62]
50
1
52
-2
Exit
52
50
[76, 75, 74, 71, 69, 66, 64]
76
1
75
1
74
1
71
3
69
2
66
3
64
2
[61, 64, 67, 69, 70, 72, 73]
61
1
64
-3
Exit
64
61
[75, 74, 72, 71, 70, 67]
75
1
74
1
72
2
71
1
70
1
67
3
[38, 39, 41, 42, 43, 45, 46]
38
1
39
-1
Exit
39
38
[76, 79, 81, 84, 85, 86, 89, 91]
76
1
79
-3
Exit
79
76
[59, 58, 57, 56, 55, 54, 51, 50]
59
1
58
1
57
1
56
1
55
1
54
1
51
3
50
1
[88, 85, 84, 82, 81, 80, 79, 76]
88
1
85
3
84
1
82
2
81
1
80
1
79
1
76
3
[15, 12, 9, 8, 7, 4, 1]
15
1
12
3
9
3
8
1
7
1
4
3
1
3
[37, 36, 34, 33, 31, 30, 29]
37
1
36
1
34
2
33
1
31
2
30
1
29
1
[66, 69, 72, 74, 77, 78, 79, 81]
66
1
69
-3
Exit
69
66
[54, 51, 49, 46, 44]
54
1
51
3
49
2
46
3
44
2
[65, 63, 60, 59, 58]
65
1
63
2
60
3
59
1
58
1
[31, 33, 34, 36, 39, 40]
31
1
33
-2
Exit
33
31
[7, 10, 11, 13, 15, 18, 21]
7
1
10
-3
Exit
10
7
[17, 19, 21, 23, 24, 27, 29, 30]
17
1
19
-2
Exit
19
17
[33, 30, 27, 24, 23, 22, 20, 18]
33
1
30
3
27
3
24
3
23
1
22
1
20
2
18
2
[47, 46, 45, 44, 42, 39, 36, 35]
47
1
46
1
45
1
44
1
42
2
39
3
36
3
35
1
[45, 42, 40, 38, 37]
45
1
42
3
40
2
38
2
37
1
[31, 33, 34, 37, 40, 41, 42, 44]
31
1
33
-2
Exit
33
31
[95, 93, 90, 89, 86, 84, 82]
95
1
93
2
90
3
89
1
86
3
84
2
82
2
[53, 50, 49, 47, 45, 43, 41, 39]
53
1
50
3
49
1
47
2
45
2
43
2
41
2
39
2
[38, 37, 34, 31, 30, 27, 26]
38
1
37
1
34
3
31
3
30
1
27
3
26
1
[48, 50, 52, 53, 54]
48
1
50
-2
Exit
50
48
[9, 10, 12, 13, 16, 17, 18, 19]
9
1
10
-1
Exit
10
9
[75, 77, 80, 83, 85]
75
1
77
-2
Exit
77
75
[39, 40, 43, 45, 48, 49]
39
1
40
-1
Exit
40
39
[89, 90, 92, 94, 95, 98, 99]
89
1
90
-1
Exit
90
89
[78, 77, 76, 74, 73, 71]
78
1
77
1
76
1
74
2
73
1
71
2
[32, 35, 36, 38, 39, 42]
32
1
35
-3
Exit
35
32
[95, 94, 93, 90, 89, 86, 83, 82]
95
1
94
1
93
1
90
3
89
1
86
3
83
3
82
1
[63, 62, 59, 57, 54, 52, 49, 46]
63
1
62
1
59
3
57
2
54
3
52
2
49
3
46
3
[45, 46, 47, 49, 52, 54]
45
1
46
-1
Exit
46
45
[86, 85, 84, 83, 80, 77]
86
1
85
1
84
1
83
1
80
3
77
3
[61, 58, 56, 54, 53]
61
1
58
3
56
2
54
2
53
1
[42, 40, 38, 35, 32, 30]
42
1
40
2
38
2
35
3
32
3
30
2
[86, 87, 90, 91, 93, 94, 96, 99]
86
1
87
-1
Exit
87
86
[45, 48, 51, 53, 56]
45
1
48
-3
Exit
48
45
[49, 50, 51, 53, 55, 57]
49
1
50
-1
Exit
50
49
[16, 15, 13, 10, 8, 7, 6]
16
1
15
1
13
2
10
3
8
2
7
1
6
1
[37, 40, 41, 43, 46]
37
1
40
-3
Exit
40
37
[83, 82, 79, 76, 75]
83
1
82
1
79
3
76
3
75
1
[9, 12, 15, 18, 20]
9
1
12
-3
Exit
12
9
[31, 30, 29, 27, 24, 22]
31
1
30
1
29
1
27
2
24
3
22
2
[30, 33, 35, 37, 39, 41, 43]
30
1
33
-3
Exit
33
30
[25, 22, 20, 19, 16, 15, 13, 12]
25
1
22
3
20
2
19
1
16
3
15
1
13
2
12
1
[53, 51, 48, 45, 42, 39, 37]
53
1
51
2
48
3
45
3
42
3
39
3
37
2
[30, 29, 27, 26, 25, 23, 20, 18]
30
1
29
1
27
2
26
1
25
1
23
2
20
3
18
2
[36, 38, 41, 42, 43, 44, 46, 49]
36
1
38
-2
Exit
38
36
[22, 21, 18, 15, 14, 11, 9]
22
1
21
1
18
3
15
3
14
1
11
3
9
2
[46, 47, 48, 51, 54]
46
1
47
-1
Exit
47
46
[39, 41, 44, 45, 47, 49, 51]
39
1
41
-2
Exit
41
39
[52, 50, 48, 45, 42, 41]
52
1
50
2
48
2
45
3
42
3
41
1
[38, 39, 42, 45, 48, 50, 53, 56]
38
1
39
-1
Exit
39
38
[50, 51, 53, 56, 58, 59]
50
1
51
-1
Exit
51
50
[86, 85, 83, 80, 78, 76, 75, 73]
86
1
85
1
83
2
80
3
78
2
76
2
75
1
73
2
[59, 58, 57, 54, 51]
59
1
58
1
57
1
54
3
51
3
[22, 24, 25, 27, 29, 30, 32, 35]
22
1
24
-2
Exit
24
22
[11, 13, 15, 16, 19, 21]
11
1
13
-2
Exit
13
11
[36, 33, 31, 29, 28, 27, 25, 22]
36
1
33
3
31
2
29
2
28
1
27
1
25
2
22
3
[43, 42, 39, 37, 35, 33, 31, 30]
43
1
42
1
39
3
37
2
35
2
33
2
31
2
30
1
[69, 67, 66, 64, 61]
69
1
67
2
66
1
64
2
61
3
[80, 77, 75, 72, 70, 68, 67]
80
1
77
3
75
2
72
3
70
2
68
2
67
1
[55, 57, 60, 63, 66, 68]
55
1
57
-2
Exit
57
55
[80, 77, 76, 73, 72]
80
1
77
3
76
1
73
3
72
1
[19, 17, 15, 14, 13]
19
1
17
2
15
2
14
1
13
1
[50, 48, 45, 44, 42]
50
1
48
2
45
3
44
1
42
2
[6, 7, 10, 13, 14]
6
1
7
-1
Exit
7
6
[50, 52, 55, 57, 60]
50
1
52
-2
Exit
52
50
[67, 64, 62, 60, 59, 56, 54, 52]
67
1
64
3
62
2
60
2
59
1
56
3
54
2
52
2
[25, 28, 30, 32, 35]
25
1
28
-3
Exit
28
25
[80, 77, 76, 73, 72, 70, 69]
80
1
77
3
76
1
73
3
72
1
70
2
69
1
[36, 35, 32, 29, 28, 27, 26, 25]
36
1
35
1
32
3
29
3
28
1
27
1
26
1
25
1
[64, 62, 61, 60, 57, 54]
64
1
62
2
61
1
60
1
57
3
54
3
[76, 78, 79, 81, 84, 87, 90, 91]
76
1
78
-2
Exit
78
76
[69, 71, 72, 75, 78]
69
1
71
-2
Exit
71
69
[22, 19, 16, 15, 13, 12, 11]
22
1
19
3
16
3
15
1
13
2
12
1
11
1
[95, 92, 91, 88, 86, 84, 81]
95
1
92
3
91
1
88
3
86
2
84
2
81
3
[76, 79, 80, 82, 83, 86, 88, 89]
76
1
79
-3
Exit
79
76
[25, 26, 28, 29, 30, 32]
25
1
26
-1
Exit
26
25
[4, 7, 10, 12, 15]
4
1
7
-3
Exit
7
4
[70, 71, 74, 77, 78, 81]
70
1
71
-1
Exit
71
70
[27, 29, 32, 35, 38, 41, 44, 46]
27
1
29
-2
Exit
29
27
[73, 72, 69, 66, 64]
73
1
72
1
69
3
66
3
64
2
[17, 14, 13, 10, 7, 5]
17
1
14
3
13
1
10
3
7
3
5
2
[47, 44, 42, 40, 37, 36]
47
1
44
3
42
2
40
2
37
3
36
1
[28, 30, 32, 33, 34, 37, 39, 41]
28
1
30
-2
Exit
30
28
[86, 88, 89, 90, 93]
86
1
88
-2
Exit
88
86
[79, 78, 76, 74, 71]
79
1
78
1
76
2
74
2
71
3
[44, 46, 47, 48, 51, 53, 54]
44
1
46
-2
Exit
46
44
[82, 84, 87, 88, 91, 92, 95, 96]
82
1
84
-2
Exit
84
82
[24, 22, 21, 18, 16, 14]
24
1
22
2
21
1
18
3
16
2
14
2
[48, 47, 46, 45, 42]
48
1
47
1
46
1
45
1
42
3
[73, 76, 77, 80, 81]
73
1
76
-3
Exit
76
73
[29, 28, 27, 26, 24]
29
1
28
1
27
1
26
1
24
2
[59, 56, 54, 52, 49, 47]
59
1
56
3
54
2
52
2
49
3
47
2
[43, 45, 46, 49, 51, 53, 56, 59]
43
1
45
-2
Exit
45
43
[25, 24, 23, 21, 18, 16, 13, 12]
25
1
24
1
23
1
21
2
18
3
16
2
13
3
12
1
[60, 59, 57, 54, 52, 50]
60
1
59
1
57
2
54
3
52
2
50
2
[23, 20, 18, 15, 14, 12]
23
1
20
3
18
2
15
3
14
1
12
2
[53, 55, 56, 58, 59, 60]
53
1
55
-2
Exit
55
53
[86, 89, 92, 94, 96]
86
1
89
-3
Exit
89
86
[21, 20, 18, 16, 14, 11]
21
1
20
1
18
2
16
2
14
2
11
3
[61, 63, 66, 68, 70, 71, 73]
61
1
63
-2
Exit
63
61
[49, 46, 45, 42, 40, 38, 37]
49
1
46
3
45
1
42
3
40
2
38
2
37
1
[9, 11, 14, 16, 19, 20]
9
1
11
-2
Exit
11
9
[41, 39, 36, 33, 30, 28, 25, 23]
41
1
39
2
36
3
33
3
30
3
28
2
25
3
23
2
[52, 54, 55, 56, 57, 58, 59, 62]
52
1
54
-2
Exit
54
52
[20, 18, 15, 13, 11, 10]
20
1
18
2
15
3
13
2
11
2
10
1
[62, 60, 57, 56, 53, 52, 50, 49]
62
1
60
2
57
3
56
1
53
3
52
1
50
2
49
1
[69, 72, 75, 77, 79, 81]
69
1
72
-3
Exit
72
69
[80, 81, 84, 87, 90, 92, 93]
80
1
81
-1
Exit
81
80
[34, 32, 31, 28, 26, 24, 22]
34
1
32
2
31
1
28
3
26
2
24
2
22
2
[21, 20, 18, 15, 14, 11, 9, 6]
21
1
20
1
18
2
15
3
14
1
11
3
9
2
6
3
[89, 87, 86, 83, 80, 79, 77, 74]
89
1
87
2
86
1
83
3
80
3
79
1
77
2
74
3
[29, 32, 33, 34, 35, 37, 38]
29
1
32
-3
Exit
32
29
[29, 27, 26, 24, 21, 18]
29
1
27
2
26
1
24
2
21
3
18
3
[38, 41, 42, 45, 46, 49, 50]
38
1
41
-3
Exit
41
38
[63, 64, 67, 69, 71, 73, 74]
63
1
64
-1
Exit
64
63
[40, 42, 45, 48, 49]
40
1
42
-2
Exit
42
40
[17, 18, 19, 21, 22, 23]
17
1
18
-1
Exit
18
17
[5, 6, 9, 10, 13, 15, 17]
5
1
6
-1
Exit
6
5
[44, 47, 50, 52, 55, 58, 60, 62]
44
1
47
-3
Exit
47
44
[28, 25, 24, 21, 18, 16, 15]
28
1
25
3
24
1
21
3
18
3
16
2
15
1
[39, 38, 36, 35, 34, 33, 31]
39
1
38
1
36
2
35
1
34
1
33
1
31
2
[78, 76, 75, 74, 73, 70]
78
1
76
2
75
1
74
1
73
1
70
3
[69, 68, 65, 64, 63]
69
1
68
1
65
3
64
1
63
1
[80, 82, 83, 85, 88, 91, 94, 96]
80
1
82
-2
Exit
82
80
[76, 74, 71, 70, 69, 68]
76
1
74
2
71
3
70
1
69
1
68
1
[81, 84, 86, 88, 89]
81
1
84
-3
Exit
84
81
[40, 42, 44, 45, 46, 48, 51, 53]
40
1
42
-2
Exit
42
40
[50, 51, 52, 54, 55, 57]
50
1
51
-1
Exit
51
50
[57, 60, 62, 63, 65, 67, 70]
57
1
60
-3
Exit
60
57
[46, 45, 42, 39, 37, 36]
46
1
45
1
42
3
39
3
37
2
36
1
[72, 71, 70, 68, 66]
72
1
71
1
70
1
68
2
66
2
[37, 40, 42, 45, 47]
37
1
40
-3
Exit
40
37
[53, 56, 58, 59, 62]
53
1
56
-3
Exit
56
53
[87, 85, 84, 82, 79, 77, 75, 72]
87
1
85
2
84
1
82
2
79
3
77
2
75
2
72
3
[82, 81, 80, 77, 74, 71, 70]
82
1
81
1
80
1
77
3
74
3
71
3
70
1
[28, 30, 31, 32, 33]
28
1
30
-2
Exit
30
28
[37, 36, 33, 30, 27, 26, 24, 22]
37
1
36
1
33
3
30
3
27
3
26
1
24
2
22
2
[60, 59, 58, 56, 54]
60
1
59
1
58
1
56
2
54
2
[86, 85, 83, 80, 78, 75, 72, 71]
86
1
85
1
83
2
80
3
78
2
75
3
72
3
71
1
[20, 21, 22, 25, 27]
20
1
21
-1
Exit
21
20
[39, 41, 43, 44, 47, 48, 49, 50]
39
1
41
-2
Exit
41
39
[33, 32, 29, 27, 26, 23, 20, 18]
33
1
32
1
29
3
27
2
26
1
23
3
20
3
18
2
[40, 37, 36, 33, 31, 30]
40
1
37
3
36
1
33
3
31
2
30
1
[23, 25, 28, 30, 32, 35]
23
1
25
-2
Exit
25
23
[82, 81, 79, 76, 75, 73, 71, 68]
82
1
81
1
79
2
76
3
75
1
73
2
71
2
68
3
[79, 77, 76, 75, 73, 72, 70, 69]
79
1
77
2
76
1
75
1
73
2
72
1
70
2
69
1
[82, 85, 86, 89, 91, 94, 97]
82
1
85
-3
Exit
85
82
[87, 88, 90, 91, 93]
87
1
88
-1
Exit
88
87
[14, 17, 19, 20, 22, 25, 26, 27]
14
1
17
-3
Exit
17
14
[82, 79, 76, 75, 72, 70, 68]
82
1
79
3
76
3
75
1
72
3
70
2
68
2
[88, 87, 84, 81, 79, 77]
88
1
87
1
84
3
81
3
79
2
77
2
[15, 13, 12, 10, 9, 8, 7]
15
1
13
2
12
1
10
2
9
1
8
1
7
1
[20, 18, 15, 14, 12, 11, 9, 6]
20
1
18
2
15
3
14
1
12
2
11
1
9
2
6
3
[11, 9, 6, 3, 1]
11
1
9
2
6
3
3
3
1
2
[66, 65, 63, 60, 57, 54]
66
1
65
1
63
2
60
3
57
3
54
3
[64, 63, 62, 61, 58, 57]
64
1
63
1
62
1
61
1
58
3
57
1
[79, 77, 75, 74, 72]
79
1
77
2
75
2
74
1
72
2
[62, 60, 59, 58, 57, 54, 53]
62
1
60
2
59
1
58
1
57
1
54
3
53
1
[17, 16, 13, 10, 8]
17
1
16
1
13
3
10
3
8
2
[59, 62, 64, 65, 68, 69]
59
1
62
-3
Exit
62
59
[82, 80, 79, 77, 74, 72]
82
1
80
2
79
1
77
2
74
3
72
2
[16, 13, 11, 8, 7, 4]
16
1
13
3
11
2
8
3
7
1
4
3
[17, 14, 12, 9, 7, 4]
17
1
14
3
12
2
9
3
7
2
4
3
[46, 45, 43, 40, 39, 36, 33]
46
1
45
1
43
2
40
3
39
1
36
3
33
3
[85, 86, 87, 89, 92, 94, 96, 99]
85
1
86
-1
Exit
86
85
[50, 52, 55, 57, 60, 62]
50
1
52
-2
Exit
52
50
[64, 65, 67, 68, 70, 73, 76, 79]
64
1
65
-1
Exit
65
64
[54, 53, 51, 49, 47, 44, 42, 39]
54
1
53
1
51
2
49
2
47
2
44
3
42
2
39
3
[29, 30, 31, 34, 35, 36, 38]
29
1
30
-1
Exit
30
29
[40, 37, 34, 33, 31, 30, 27, 24]
40
1
37
3
34
3
33
1
31
2
30
1
27
3
24
3
[68, 70, 71, 74, 76, 77, 78]
68
1
70
-2
Exit
70
68
[62, 61, 59, 58, 57, 56, 55, 52]
62
1
61
1
59
2
58
1
57
1
56
1
55
1
52
3
[4, 5, 8, 9, 12, 13]
4
1
5
-1
Exit
5
4
[89, 86, 85, 82, 80, 79]
89
1
86
3
85
1
82
3
80
2
79
1
[5, 8, 9, 10, 13, 14, 17]
5
1
8
-3
Exit
8
5
[84, 82, 81, 78, 76, 73, 71]
84
1
82
2
81
1
78
3
76
2
73
3
71
2
[84, 86, 87, 90, 93, 96, 97]
84
1
86
-2
Exit
86
84
[32, 31, 29, 28, 26, 23]
32
1
31
1
29
2
28
1
26
2
23
3
[17, 19, 21, 23, 26, 29, 31]
17
1
19
-2
Exit
19
17
[62, 65, 66, 67, 69, 72]
62
1
65
-3
Exit
65
62
[43, 45, 47, 48, 50, 52, 55]
43
1
45
-2
Exit
45
43
[36, 35, 34, 33, 31, 29, 27]
36
1
35
1
34
1
33
1
31
2
29
2
27
2
[18, 15, 14, 13, 11]
18
1
15
3
14
1
13
1
11
2
[36, 35, 32, 30, 27]
36
1
35
1
32
3
30
2
27
3
[13, 16, 17, 19, 20, 21, 23]
13
1
16
-3
Exit
16
13
[98, 97, 95, 93, 90, 87, 86]
98
1
97
1
95
2
93
2
90
3
87
3
86
1
[95, 93, 91, 90, 88, 85, 82]
95
1
93
2
91
2
90
1
88
2
85
3
82
3
[28, 26, 24, 21, 19, 18, 16, 13]
28
1
26
2
24
2
21
3
19
2
18
1
16
2
13
3
[61, 58, 57, 54, 53, 51, 49, 47]
61
1
58
3
57
1
54
3
53
1
51
2
49
2
47
2
[81, 84, 86, 88, 90, 92, 93]
81
1
84
-3
Exit
84
81
[45, 46, 49, 50, 51]
45
1
46
-1
Exit
46
45
[48, 51, 53, 54, 56, 57, 58, 60]
48
1
51
-3
Exit
51
48
[73, 70, 69, 68, 66, 64]
73
1
70
3
69
1
68
1
66
2
64
2
[75, 72, 70, 67, 65, 64, 62]
75
1
72
3
70
2
67
3
65
2
64
1
62
2
[50, 48, 45, 42, 41, 38, 37, 36]
50
1
48
2
45
3
42
3
41
1
38
3
37
1
36
1
[44, 42, 39, 37, 34, 32]
44
1
42
2
39
3
37
2
34
3
32
2
[46, 45, 44, 42, 40]
46
1
45
1
44
1
42
2
40
2
[51, 48, 46, 44, 41, 39, 37]
51
1
48
3
46
2
44
2
41
3
39
2
37
2
[19, 18, 16, 15, 12, 11]
19
1
18
1
16
2
15
1
12
3
11
1
[39, 40, 42, 45, 46]
39
1
40
-1
Exit
40
39
[76, 77, 78, 81, 82, 83, 86, 87]
76
1
77
-1
Exit
77
76
[90, 89, 88, 85, 83, 82, 81, 79]
90
1
89
1
88
1
85
3
83
2
82
1
81
1
79
2
[72, 74, 76, 78, 79, 80]
72
1
74
-2
Exit
74
72
[65, 66, 67, 68, 70, 72]
65
1
66
-1
Exit
66
65
[49, 51, 54, 56, 59, 62, 63]
49
1
51
-2
Exit
51
49
[37, 35, 32, 30, 28, 25, 24, 22]
37
1
35
2
32
3
30
2
28
2
25
3
24
1
22
2
[90, 87, 86, 84, 82]
90
1
87
3
86
1
84
2
82
2
[61, 64, 65, 67, 68, 71, 74, 77]
61
1
64
-3
Exit
64
61
[61, 60, 59, 58, 57, 55, 54, 52]
61
1
60
1
59
1
58
1
57
1
55
2
54
1
52
2
[6, 8, 9, 11, 13, 14, 17, 19]
6
1
8
-2
Exit
8
6
[56, 57, 58, 59, 61, 63]
56
1
57
-1
Exit
57
56
[58, 60, 63, 66, 67]
58
1
60
-2
Exit
60
58
[22, 20, 17, 16, 15, 14, 13, 10]
22
1
20
2
17
3
16
1
15
1
14
1
13
1
10
3
[66, 63, 62, 60, 57, 56, 55, 53]
66
1
63
3
62
1
60
2
57
3
56
1
55
1
53
2
[61, 64, 67, 70, 71, 74, 77]
61
1
64
-3
Exit
64
61
[88, 86, 84, 82, 80, 78, 77, 75]
88
1
86
2
84
2
82
2
80
2
78
2
77
1
75
2
[6, 9, 11, 14, 16]
6
1
9
-3
Exit
9
6
[75, 76, 79, 82, 83, 85, 86]
75
1
76
-1
Exit
76
75
[78, 79, 80, 81, 84, 85]
78
1
79
-1
Exit
79
78
[14, 11, 8, 5, 2, 1]
14
1
11
3
8
3
5
3
2
3
1
1
[24, 27, 30, 31, 32, 35]
24
1
27
-3
Exit
27
24
[85, 84, 83, 80, 77]
85
1
84
1
83
1
80
3
77
3
[68, 71, 74, 76, 79, 81, 82, 85]
68
1
71
-3
Exit
71
68
[21, 19, 17, 16, 14, 11, 9]
21
1
19
2
17
2
16
1
14
2
11
3
9
2
[93, 92, 90, 87, 85]
93
1
92
1
90
2
87
3
85
2
[80, 78, 76, 75, 72, 69]
80
1
78
2
76
2
75
1
72
3
69
3
[84, 87, 88, 90, 93, 94, 97]
84
1
87
-3
Exit
87
84
[54, 53, 50, 49, 48, 45]
54
1
53
1
50
3
49
1
48
1
45
3
[41, 42, 44, 45, 47]
41
1
42
-1
Exit
42
41
[24, 26, 29, 32, 35, 38, 39, 41]
24
1
26
-2
Exit
26
24
[54, 52, 49, 47, 44, 42, 41, 40]
54
1
52
2
49
3
47
2
44
3
42
2
41
1
40
1
[39, 42, 43, 44, 45, 48, 50]
39
1
42
-3
Exit
42
39
[82, 81, 79, 76, 73, 71]
82
1
81
1
79
2
76
3
73
3
71
2
[70, 67, 65, 64, 63, 61]
70
1
67
3
65
2
64
1
63
1
61
2
[57, 56, 53, 51, 49, 46]
57
1
56
1
53
3
51
2
49
2
46
3
[74, 76, 79, 81, 83, 85, 87, 90]
74
1
76
-2
Exit
76
74
[56, 59, 61, 64, 67, 70, 71]
56
1
59
-3
Exit
59
56
[31, 29, 28, 27, 24, 23]
31
1
29
2
28
1
27
1
24
3
23
1
[59, 57, 55, 52, 50]
59
1
57
2
55
2
52
3
50
2
[82, 85, 88, 91, 94, 95, 97]
82
1
85
-3
Exit
85
82
[60, 58, 55, 53, 51]
60
1
58
2
55
3
53
2
51
2
[57, 58, 60, 63, 65, 68]
57
1
58
-1
Exit
58
57
[41, 44, 46, 48, 50, 51, 53]
41
1
44
-3
Exit
44
41
[44, 46, 47, 50, 53]
44
1
46
-2
Exit
46
44
[33, 34, 36, 38, 41, 42, 44]
33
1
34
-1
Exit
34
33
[18, 20, 22, 23, 26, 28, 29]
18
1
20
-2
Exit
20
18
[51, 48, 47, 45, 44, 42]
51
1
48
3
47
1
45
2
44
1
42
2
[23, 21, 19, 17, 14, 12]
23
1
21
2
19
2
17
2
14
3
12
2
[58, 56, 53, 52, 49, 47, 46, 44]
58
1
56
2
53
3
52
1
49
3
47
2
46
1
44
2
[98, 96, 95, 94, 91]
98
1
96
2
95
1
94
1
91
3
[80, 78, 76, 75, 73]
80
1
78
2
76
2
75
1
73
2
[58, 61, 63, 64, 66]
58
1
61
-3
Exit
61
58
[83, 85, 87, 88, 89]
83
1
85
-2
Exit
85
83
[23, 21, 19, 17, 15, 14, 12, 9]
23
1
21
2
19
2
17
2
15
2
14
1
12
2
9
3
[60, 62, 63, 64, 65, 68]
60
1
62
-2
Exit
62
60
[42, 41, 38, 37, 36, 33]
42
1
41
1
38
3
37
1
36
1
33
3
[93, 92, 90, 88, 87, 86, 84, 82]
93
1
92
1
90
2
88
2
87
1
86
1
84
2
82
2
[31, 32, 34, 36, 39, 42]
31
1
32
-1
Exit
32
31
[8, 10, 12, 13, 16, 17, 18, 19]
8
1
10
-2
Exit
10
8
[14, 17, 18, 20, 23, 24]
14
1
17
-3
Exit
17
14
[8, 11, 13, 14, 17, 18, 21]
8
1
11
-3
Exit
11
8
[69, 68, 66, 63, 61, 58, 55]
69
1
68
1
66
2
63
3
61
2
58
3
55
3
[90, 87, 85, 82, 80, 79]
90
1
87
3
85
2
82
3
80
2
79
1
[38, 35, 32, 30, 28]
38
1
35
3
32
3
30
2
28
2
[18, 20, 23, 26, 28, 29, 30]
18
1
20
-2
Exit
20
18
[17, 16, 13, 10, 8, 7, 5]
17
1
16
1
13
3
10
3
8
2
7
1
5
2
[83, 82, 80, 77, 75, 72, 69, 66]
83
1
82
1
80
2
77
3
75
2
72
3
69
3
66
3
[87, 88, 89, 92, 94]
87
1
88
-1
Exit
88
87
[69, 71, 72, 74, 76, 78, 81, 82]
69
1
71
-2
Exit
71
69
[49, 46, 43, 40, 37, 34, 33]
49
1
46
3
43
3
40
3
37
3
34
3
33
1
[30, 28, 26, 24, 23, 20]
30
1
28
2
26
2
24
2
23
1
20
3
[44, 43, 40, 39, 37, 34, 33, 31]
44
1
43
1
40
3
39
1
37
2
34
3
33
1
31
2
[21, 23, 26, 29, 32, 33, 34, 36]
21
1
23
-2
Exit
23
21
[61, 59, 58, 56, 54, 52, 50, 48]
61
1
59
2
58
1
56
2
54
2
52
2
50
2
48
2
[53, 50, 49, 48, 45, 42]
53
1
50
3
49
1
48
1
45
3
42
3
[63, 66, 68, 71, 73, 76]
63
1
66
-3
Exit
66
63
[57, 55, 53, 50, 49]
57
1
55
2
53
2
50
3
49
1
[54, 57, 60, 62, 65]
54
1
57
-3
Exit
57
54
[21, 22, 25, 27, 29, 30]
21
1
22
-1
Exit
22
21
[12, 14, 15, 18, 20, 21, 22, 23]
12
1
14
-2
Exit
14
12
[68, 71, 73, 74, 76, 77, 80]
68
1
71
-3
Exit
71
68
[15, 13, 12, 9, 6, 5, 2]
15
1
13
2
12
1
9
3
6
3
5
1
2
3
[35, 37, 40, 41, 42, 45, 46]
35
1
37
-2
Exit
37
35
[56, 55, 53, 52, 50]
56
1
55
1
53
2
52
1
50
2
[38, 39, 42, 43, 44]
38
1
39
-1
Exit
39
38
[48, 46, 45, 43, 42]
48
1
46
2
45
1
43
2
42
1
[95, 92, 91, 88, 86, 84, 83, 80]
95
1
92
3
91
1
88
3
86
2
84
2
83
1
80
3
[48, 51, 52, 55, 58]
48
1
51
-3
Exit
51
48
[40, 42, 44, 46, 49, 51]
40
1
42
-2
Exit
42
40
[8, 6, 4, 4, 1]
8
1
6
2
4
2
4
0
Exit
4
4
[7, 6, 4, 2, 1]
7
1
6
1
4
2
2
2
1
1
[1, 3, 2, 4, 5]
1
1
3
-2
Exit
3
1
]]></system-out>
  <system-err><![CDATA[]]></system-err>
</testsuite>
